<?xml version="1.0" encoding="UTF-8"?>
<testng-results ignored="0" total="1" passed="0" failed="1" skipped="0">
  <reporter-output>
    <line>
      <![CDATA[---open browser---]]>
    </line>
    <line>
      <![CDATA[---login to app----]]>
    </line>
    <line>
      <![CDATA[---running Test script---]]>
    </line>
    <line>
      <![CDATA[---logout from Application---]]>
    </line>
    <line>
      <![CDATA[---capture screenshot of only failed test case---]]>
    </line>
    <line>
      <![CDATA[---close browser----]]>
    </line>
  </reporter-output>
  <suite started-at="2021-07-21T00:54:08 IST" name="Default suite" finished-at="2021-07-21T00:55:07 IST" duration-ms="59398">
    <groups>
    </groups>
    <test started-at="2021-07-21T00:54:08 IST" name="Default test" finished-at="2021-07-21T00:55:07 IST" duration-ms="59398">
      <class name="Module1_Test__Profile.KiteLoginTest1">
        <test-method is-config="true" signature="openBrowser()[pri:0, instance:Module1_Test__Profile.KiteLoginTest1@932bc4a]" started-at="2021-07-21T00:54:08 IST" name="openBrowser" finished-at="2021-07-21T00:54:38 IST" duration-ms="30034" status="PASS">
          <reporter-output>
            <line>
              <![CDATA[---open browser---]]>
            </line>
          </reporter-output>
        </test-method> <!-- openBrowser -->
        <test-method is-config="true" signature="loginToApplication()[pri:0, instance:Module1_Test__Profile.KiteLoginTest1@932bc4a]" started-at="2021-07-21T00:54:38 IST" name="loginToApplication" finished-at="2021-07-21T00:54:46 IST" duration-ms="8346" status="PASS">
          <reporter-output>
            <line>
              <![CDATA[---login to app----]]>
            </line>
          </reporter-output>
        </test-method> <!-- loginToApplication -->
        <test-method signature="verifyProfileName()[pri:0, instance:Module1_Test__Profile.KiteLoginTest1@932bc4a]" started-at="2021-07-21T00:54:46 IST" name="verifyProfileName" finished-at="2021-07-21T00:54:47 IST" duration-ms="408" status="FAIL">
          <exception class="java.io.IOException">
            <message>
              <![CDATA[Your InputStream was neither an OLE2 stream, nor an OOXML stream or you haven't provide the poi-ooxml*.jar in the classpath/modulepath - FileMagic: OOXML, having providers: [org.apache.poi.hssf.usermodel.HSSFWorkbookFactory@10b3df93]]]>
            </message>
            <full-stacktrace>
              <![CDATA[java.io.IOException: Your InputStream was neither an OLE2 stream, nor an OOXML stream or you haven't provide the poi-ooxml*.jar in the classpath/modulepath - FileMagic: OOXML, having providers: [org.apache.poi.hssf.usermodel.HSSFWorkbookFactory@10b3df93]
at org.apache.poi.ss.usermodel.WorkbookFactory.wp(WorkbookFactory.java:300)
at org.apache.poi.ss.usermodel.WorkbookFactory.create(WorkbookFactory.java:199)
at org.apache.poi.ss.usermodel.WorkbookFactory.create(WorkbookFactory.java:163)
at Config_files.Utility.getTestData(Utility.java:26)
at Module1_Test__Profile.KiteLoginTest1.verifyProfileName(KiteLoginTest1.java:65)
at java.base/jdk.internal.reflect.NativeMethodAccessorImpl.invoke0(Native Method)
at java.base/jdk.internal.reflect.NativeMethodAccessorImpl.invoke(NativeMethodAccessorImpl.java:64)
at java.base/jdk.internal.reflect.DelegatingMethodAccessorImpl.invoke(DelegatingMethodAccessorImpl.java:43)
at java.base/java.lang.reflect.Method.invoke(Method.java:564)
at org.testng.internal.MethodInvocationHelper.invokeMethod(MethodInvocationHelper.java:133)
at org.testng.internal.TestInvoker.invokeMethod(TestInvoker.java:598)
at org.testng.internal.TestInvoker.invokeTestMethod(TestInvoker.java:173)
at org.testng.internal.MethodRunner.runInSequence(MethodRunner.java:46)
at org.testng.internal.TestInvoker$MethodInvocationAgent.invoke(TestInvoker.java:824)
at org.testng.internal.TestInvoker.invokeTestMethods(TestInvoker.java:146)
at org.testng.internal.TestMethodWorker.invokeTestMethods(TestMethodWorker.java:146)
at org.testng.internal.TestMethodWorker.run(TestMethodWorker.java:128)
at java.base/java.util.ArrayList.forEach(ArrayList.java:1511)
at org.testng.TestRunner.privateRun(TestRunner.java:794)
at org.testng.TestRunner.run(TestRunner.java:596)
at org.testng.SuiteRunner.runTest(SuiteRunner.java:377)
at org.testng.SuiteRunner.runSequentially(SuiteRunner.java:371)
at org.testng.SuiteRunner.privateRun(SuiteRunner.java:332)
at org.testng.SuiteRunner.run(SuiteRunner.java:276)
at org.testng.SuiteRunnerWorker.runSuite(SuiteRunnerWorker.java:53)
at org.testng.SuiteRunnerWorker.run(SuiteRunnerWorker.java:96)
at org.testng.TestNG.runSuitesSequentially(TestNG.java:1212)
at org.testng.TestNG.runSuitesLocally(TestNG.java:1134)
at org.testng.TestNG.runSuites(TestNG.java:1063)
at org.testng.TestNG.run(TestNG.java:1031)
at org.testng.remote.AbstractRemoteTestNG.run(AbstractRemoteTestNG.java:115)
at org.testng.remote.RemoteTestNG.initAndRun(RemoteTestNG.java:251)
at org.testng.remote.RemoteTestNG.main(RemoteTestNG.java:77)
]]>
            </full-stacktrace>
          </exception> <!-- java.io.IOException -->
          <reporter-output>
            <line>
              <![CDATA[---running Test script---]]>
            </line>
          </reporter-output>
        </test-method> <!-- verifyProfileName -->
        <test-method is-config="true" signature="logoutFromApplication(org.testng.ITestResult)[pri:0, instance:Module1_Test__Profile.KiteLoginTest1@932bc4a]" started-at="2021-07-21T00:54:47 IST" name="logoutFromApplication" finished-at="2021-07-21T00:55:03 IST" duration-ms="16314" status="PASS">
          <params>
            <param index="0">
              <value>
                <![CDATA[[TestResult name=verifyProfileName status=FAILURE method=KiteLoginTest1.verifyProfileName()[pri:0, instance:Module1_Test__Profile.KiteLoginTest1@932bc4a] output=---running Test script---]]]>
              </value>
            </param>
          </params>
          <reporter-output>
            <line>
              <![CDATA[---logout from Application---]]>
            </line>
            <line>
              <![CDATA[---capture screenshot of only failed test case---]]>
            </line>
          </reporter-output>
        </test-method> <!-- logoutFromApplication -->
        <test-method is-config="true" signature="closeBrowser()[pri:0, instance:Module1_Test__Profile.KiteLoginTest1@932bc4a]" started-at="2021-07-21T00:55:03 IST" name="closeBrowser" finished-at="2021-07-21T00:55:07 IST" duration-ms="4181" status="PASS">
          <reporter-output>
            <line>
              <![CDATA[---close browser----]]>
            </line>
          </reporter-output>
        </test-method> <!-- closeBrowser -->
      </class> <!-- Module1_Test__Profile.KiteLoginTest1 -->
    </test> <!-- Default test -->
  </suite> <!-- Default suite -->
</testng-results>
